<?xml version="1.0" encoding="UTF-8"?>
<testsuite name="JUnitTest" tests="1" skipped="0" failures="0" errors="0" timestamp="2023-07-08T07:31:57" hostname="DESKTOP-M7PH48R" time="0.015">
  <properties/>
  <testcase name="1 + 2는 3이다" classname="JUnitTest" time="0.015"/>
  <system-out><![CDATA[]]></system-out>
  <system-err><![CDATA[]]></system-err>
</testsuite>
